<?xml version="1.0" encoding="UTF-8"?><testsuite errors="1" failures="0" name="Testing pricemesh" skipped="0" tests="1" time="0.58" timestamp="2021-02-09 12:05:45"><testcase name="Scenario Outline name"><error type="java.lang.reflect.InvocationTargetException"/><system-err>null&#13;
java.base/jdk.internal.reflect.NativeConstructorAccessorImpl.newInstance0(Native Method)&#13;
java.base/jdk.internal.reflect.NativeConstructorAccessorImpl.newInstance(NativeConstructorAccessorImpl.java:62)&#13;
java.base/jdk.internal.reflect.DelegatingConstructorAccessorImpl.newInstance(DelegatingConstructorAccessorImpl.java:45)&#13;
cucumber.runner.Runner.runPickle(Runner.java:80)&#13;
</system-err></testcase></testsuite>